<?xml version="1.0" encoding="UTF-8"?>
<!-- Generated by org.testng.reporters.JUnitReportReporter -->
<testsuite hostname="DESKTOP-P2QOF37" failures="0" tests="1" name="SeleniumTest" time="0.000" errors="0" timestamp="2022-01-14T20:09:14 CET" skipped="0">
  <testcase classname="SeleniumTest" name="sampleTest" time="0.000"/>
  <system-out/>
</testsuite> <!-- SeleniumTest -->
